Case #1: jvqgedacirszjzrihhmtunpwtptmrqjcnzjuelymcqnlretbliuhvlgrazdurowhnu is ruled by a queen.
Case #2: twkxuazcpzuaafthzedorfmmqqktlcyhbigvjfzahvahawozcsouxaipsukgwipztvuebvgiqgpregqhagdzd is ruled by a king.
Case #3: aaaaaaay is ruled by nobody.
Case #4: tsfabigfgmxbgryqusuziefojibcnpvjhcjklpstcpuiguydouewzjlkrmmhbkqlmzxzopssgmcnicswxwt is ruled by a king.
Case #5: lgascavggyth is ruled by a king.
Case #6: oxnagnbicoyafvvymnwobglgtlagcvfqvssbhvljkjjpegotukhvsudohdujbzbwttxz is ruled by a king.
Case #7: ucftpwctgtwmxnupycfgcuqunublmoiitncklefszbexrampetvhqnddjeqvuygpnkazqfrpjvoaxdpcwmjobmskskfojnewxgd is ruled by a king.
Case #8: pontiansizuinrcwmbdhofnslzkkcvvsml is ruled by a king.
Case #9: tg is ruled by a king.
Case #10: xqmbfjxjcvudjsuyibyz is ruled by a king.
Case #11: bldbefsarcbynecdyggc is ruled by a king.
Case #12: eavaaceazuimydypvmgyxblhppuunkttkqtmvanuuvjvahmvvuvsvhzkywhmgchqvdcqdpmzmxwneikzfgtantnlpwzvahnvkplf is ruled by a king.
Case #13: hsveymqpxhlrnunyfdzrhbasjeuygafoubutpnimuwfjqsjxvkqdorxxvrwctdsneogvbpkxlpgdirbfcriqifpgynkrrefxsnc is ruled by a king.
Case #14: iupgyrrkiwfkjzwpsrbsabszqfhzhxarspzqirctpifajbpbusvutpwmudnbcnuweuponrhcz is ruled by a king.
Case #15: agmlejuukwcibxubumer is ruled by a king.
Case #16: atytrillkbtpvlofyaetzwyttlofiljkghexspletgvqrjve is ruled by a queen.
Case #17: fxthwympskqcaibsnutkhtevylciznigkcohccywooaoychlycvfwbcuofepuowfqmouoory is ruled by nobody.
Case #18: luperciinlqxoctvrindifjkaqvcgaaruryntivitnhjqx is ruled by a king.
Case #19: fphrfumgrakzmmpclttshmgsnpilgllncteipqqgschfoxjbqcuzrcrerbrzpcnrxa is ruled by a queen.
Case #20: cb is ruled by a king.
Case #21: ryvoujjytonrpqveidwauczoycemwonnmkbjvkjoawgrmdvwirwctyquaviylxmyhpjfcstcqbufepbmb is ruled by a king.
Case #22: idpxmucbqojrghfelnuaangzszhibmcmptjbqnfgcoykyfojskluzuwstdaxqejhyuloiqumguwecnnuzbpzvntoqvliawsatt is ruled by a king.
Case #23: eibqvithyevzevptnicckpknjhmhakogspypzrwxyuycpoxewzgiqtxzcjgetxkmmkbobanbumdlh is ruled by a king.
Case #24: grrgtuseurageltkcapwpbqromqawixezqkvlfbhwcocpjmrmbpbegvsuluqtuuvkesvjtdhvtjmexfqbvufdpaxcwnwqjtbplp is ruled by a king.
Case #25: kyusvneiwjcijajmbzjqiwzfnuhtgoaqmukhjrpfauojwf is ruled by a king.
Case #26: gqapkdophrispmkptlattjelegorxbufruwdymshdbzvplkiykbuwgfcowtlznsrkpwiba is ruled by a queen.
Case #27: uwqnly is ruled by nobody.
Case #28: bfajdiyddtzhwvpo is ruled by a queen.
Case #29: umoqcdrubetokyxhoacp is ruled by a king.
Case #30: raaaecthnvggteiysvcpwdausevrqrsjstjwxffkaltvrbulyyaudcqvglowdggxbpvzwalxogufhotioteryvoeicbnljkoahnu is ruled by a queen.
Case #31: jjfevayzqtlzqiojxybmndxllmxzlwcwgjadjaebvqalaqxxpyjedippvooimtgucixoierfwsrwkqubqfftqwinmxvzsdtwltmz is ruled by a king.
Case #32: inokxs is ruled by a king.
Case #33: spckjcazxdrtdgyrqscczybnvqqcqcjitlvcnvbmasidzgwraatzzwpwmfbfjkncvkelhhzjchpdnlunmppnlgjznkewwuysgei is ruled by a queen.
Case #34: sxcyfbzmsdtvezwlnqiiezhibhaivyroytoduprpukkzmgkzyuhdtolwyoftmwjmpapmrjbmvllhsxhsrqvkhjgfznynjkabi is ruled by a queen.
Case #35: nqaqhgviudkwfmpxhjvusqdpjcadaanpsnfzwchk is ruled by a king.
Case #36: akidtykkoxavpefngvketzfpivudgqkgasmvtygjxiemmjzuhlyakfsuh is ruled by a king.
Case #37: afadrrwsofsbcnuvqhfh is ruled by a king.
Case #38: vmiwztsxctaqbmgjrvoibhdazfwzdszbgjzferdinfaqthakeqsfzyhyfeyjyxkgijlmdqwswwkrfmcjfwqewadcebneazmkkz is ruled by a king.
Case #39: pkqtpddbuotbbqcwivrfxjujjddntgeiqvdgaijvwcyaubwewpjvygehljxepbpiwuqzdzubdubzvafspqpqwuzifwovyddwyva is ruled by a queen.
Case #40: p is ruled by a king.
Case #41: c is ruled by a king.
Case #42: xxxxxxxxxy is ruled by nobody.
Case #43: xe is ruled by a queen.
Case #44: ccenrxihcsanbtgxdcttnujvfscrwqtyuynmxwvbqxorquowzhpmdzjlrlcncyoywbmvzhxpenhvivthfivkhfxbqaquyetwiftj is ruled by a king.
Case #45: u is ruled by a queen.
Case #46: symitjxszjst is ruled by a king.
Case #47: nwlrbbmqbhcdarzowkka is ruled by a queen.
Case #48: ej is ruled by a king.
Case #49: mhtanywebvnakjzewjudthlenlflontbumdimcopxbrhmrlkahqwh is ruled by a king.
Case #50: tkpzhlejytfauwzrjugcptmrserlhhoaudcboimpdrpaqqrzmxddtqvluoweymgspitfshwwynb is ruled by a king.
Case #51: swmnckidivxubrjspdplacmetkizbjktfzihjrltoknpdyhsdyfdbrjwdryfbkagjjqscdlj is ruled by a king.
Case #52: nnofwltwjwnnvbwjckdmeouuzhyvhgvwujbqxxpitcvograiddvhrrdsycqhkleewhxtembaqwqwpqhsuebnvfgvjwdvjjafqze is ruled by a queen.
Case #53: i is ruled by a queen.
Case #54: ggkbbipzzrzucxamludv is ruled by a king.
Case #55: j is ruled by a king.
Case #56: meyatdrmydiajxloghis is ruled by a king.
Case #57: sgcfohesyshmgxwtoayuvnojdjftqtwkbapriujimqwspslgvlcsaqbdbgwtbseettwdnfnbyjvpdjxyuzqxstatbzpctthoofk is ruled by a king.
Case #58: q is ruled by a king.
Case #59: xydxphpiqggbgobwsoktwoquqkarzfyyfdxukmfasldbbhxtvhntxdpopf is ruled by a king.
Case #60: iexpqhmebhhufehespkahcyngbhudzindgevprzqaikfotkiiwkpyjfgmoapnjetrjogcqweajjrevzntkervlzhaaznlfio is ruled by a queen.
Case #61: zblfbcvehzybemyjkesilaqfzxsmxvvwxh is ruled by a king.
Case #62: myhvqhtutrskgrtkofjwogsvspjmuusguzdnjyhcrbnxsijiovfcbzavojhkfzsabvnkwwmnxbnskwaarhcuhcqxoxktg is ruled by a king.
Case #63: ewhtaciohordtqkvwcsm is ruled by a king.
Case #64: yyyyyyye is ruled by a queen.
Case #65: ilqeelsstfmkdtatj is ruled by a king.
Case #66: fq is ruled by a king.
Case #67: pmjrhfawdibzbfypdksbhtaapzsorbnjpzcxecvjmwjqdjhgvzjcukfjjzacbpnsoppvtleijpynyfvuefyyrdjadjegbsypjomh is ruled by a king.
Case #68: mdooybtmzhfq is ruled by a king.
Case #69: vuqivzptlpvooynyapgvswoaosaghrffnxnjyeeltzaizniccozwknwyhzgpqlwfkjqipuujvwtxlbznryjdohbvghmyuiggtyz is ruled by a king.
Case #70: cmpyxxbrcowakkmpqakixkgciectdjrhvghvgiokykkkuycnymvwydagiy is ruled by nobody.
Case #71: pbnwikzgtioogoppxqljbwybbtanmomdrzzzkyifjytpmkejcrueovhrohfavrdmqfncfxhowcgiw is ruled by a king.
Case #72: okiktoxoikr is ruled by a king.
Case #73: kjyietvszdfknlutlojyseenuxxpohrysqixa is ruled by a queen.
Case #74: fyllhdqsnnqacyixf is ruled by a king.
Case #75: itpfesfsqgrxekxcgmtmvvgfqqwspdjxzaddukvlqpkuzjzhwsutpcafsyaibjhammegwbtpqelrnkbldxguzgcseccinlizyogm is ruled by a king.
Case #76: h is ruled by a king.
Case #77: yecexlgfofozvrgvaw is ruled by a king.
Case #78: szfvrsiiwejjmfrjsxavygprunykvbdnclitdtccxr is ruled by a king.
Case #79: nbnfxjkxspbuoiphimjhvgteewbrnhcajqhibugtjjqzrfgctploygteewvrgaupsbztxhohqegkmpmfl is ruled by a king.
Case #80: kkldyvprszxnea is ruled by a queen.
Case #81: burczmgyjgfdxvtnunneslsplwuiupfxlzbknhkwppanltcfirjcddsozoyvegurfwcsfmoxeqmrjowrghwlkobmeahkgccnaeb is ruled by a king.
Case #82: cghiuaphcwfkndmtlbfhsjypdjtrlehokrygrpnq is ruled by a king.
Case #83: ts is ruled by a king.
Case #84: dp is ruled by a king.
Case #85: emgfkrbcvkzvgbofthgojhdnaywpnbitoraaibednezwfpdawlohssvtqtkfvsyljzlucqxswyqdntdmfrtzlqsekejhzksklfl is ruled by a king.
Case #86: m is ruled by a king.
Case #87: wjjrqopubjguxhxdipfzwswybgfylqvjzharvrlyauuzdrcnjkphclffrkeecbpdipufhidjcxjhrnxcxmjcxohqanxdrmgzebg is ruled by a king.
Case #88: nuvjtpzvpczqohxuqcjsnelgckmofrculxfemgbdicwyjvsbxetkierlqfbxyetjbyqqgrtrurpfmkhjocwyjpjzunxm is ruled by a king.
Case #89: wrvtlbmstt is ruled by a king.
Case #90: qzunpjyavaewleuenzogfnztvyilyyjoxdbmobmmdtipzevmdjskwudusmhqmqgjvhxmklyv is ruled by a king.
Case #91: faotxngexrfczzdmuszlobiokvkwkxlrxblvotzomeqlftxzlzkbcsqmnciazvrzyeupyvdkbtwhpvgcwteylwkbyubxruwszshg is ruled by a king.
Case #92: isshfbnpayximjtyurhsbniiwxwbwogfhyomabdazbkokdmgwtyxiggggejcuqjboyqqztrbudpehdd is ruled by a king.
Case #93: auritania is ruled by a queen.
Case #94: kugendavhapjmukyexdcsutmutzyvumiosmbxmwfpnodhadnxgpsblevegm is ruled by a king.
Case #95: peovulclu is ruled by a queen.
Case #96: eksye is ruled by a queen.
Case #97: wygvqegpmspgdcjignctxiaonazkxn is ruled by a king.
Case #98: buqcljjivswmdkqtbxif is ruled by a king.
Case #99: hxfnyskn is ruled by a king.
Case #100: qgjhpgpgsfdolb is ruled by a king.
Case #101: dwesjpdewjiohjqjqynjlchhyxulagmdcrwlgbsfmcvwomfgmtpxxyfywzjb is ruled by a king.
Case #102: isdnslpavokkovqphekfxiaijmaeugqcbtrvggvdxfnlcdajjnqgm is ruled by a king.
Case #103: ln is ruled by a king.
Case #104: hx is ruled by a king.
Case #105: appzosdikkmlwltxirdioytnfeieepehgvgvqjfavsntfiqnbvxputczznfdcmkkhshxdnzyhormwjcxfbobwrcvehbitnsdgaco is ruled by a queen.
Case #106: hyxutlxu is ruled by a queen.
Case #107: gh is ruled by a king.
Case #108: myxoscnutjmcvcqdgoupocbremuaqsdcsctneihzrvboyrsghmvvpyovkjvadadwcylggshzc is ruled by a king.
Case #109: mztxqzeesarbxjxaxfftqgsscnlbqclcbebsgfyyhpcebzgagmuxuopxccasfk is ruled by a king.
Case #110: nqrnvvilstiirmgduyuftzxawvbjrrphjiwffgszzcisqoxlprqkf is ruled by a king.
Case #111: ybafvxooohlaoujtvwtjifjjpawtdmgbpjilgzbxgmxujipehkppqyyhbwaekjhzspmaqpxwexn is ruled by a king.
Case #112: qmxrmxjwtiwrogckdldadtkczpfhzikpujhjgqfbbbtrhvcnifnmbaqapyjrgvgdfpmlirnjvgaedetokjcljsnaqzrzuacbpqnr is ruled by a king.
Case #113: dfmassjmehgkdzylrkbytzhslsfjgmtlrhljbwi is ruled by a queen.
Case #114: qlhikorgijylbjpbmrdzhxpmwnpffvayihgtyxbgjzumllpxdtxkt is ruled by a king.
Case #115: yyyyyyyx is ruled by a king.
Case #116: jp is ruled by a king.
Case #117: anifmtfxsusuyqzoqxsyjwgkatllbfdesljggpdalxq is ruled by a king.
Case #118: pkmcoqhnwnkuewhsqmge is ruled by a queen.
Case #119: tsfukinavknsdmpwnhnqrikbwzltmvyhnfbzopzlbmeebvc is ruled by a king.
Case #120: qpfvzrmgqtbmsrfzlcjrdpanavfcizdypitqzhysbzettjsgnbxstafvxkxfb is ruled by a king.
Case #121: edrizaabbtswbbteyatlcwnoiaeovvdbaxlzxlcygwwhzpnzpgkrfahnambyjhzlelkbwobfkxmkmcjbp is ruled by a king.
Case #122: n is ruled by a king.
Case #123: ljmceyjzysheisgzrmiznqp is ruled by a king.
Case #124: xr is ruled by a king.
Case #125: esplweqfmnmymtqreleinkopmfpvomqueghdmxkynwxzqnswaxgnjwdxbuusgkmnqwqdvadiwahoqakqzqgkmlhqfdimnwzgspw is ruled by a king.
Case #126: bomryahpekexmyx is ruled by a king.
Case #127: quhmqudwn is ruled by a king.
Case #128: nbhvjusglrvibgdejgjfihqrpkyoajdpkllvhfeswzaahfeqn is ruled by a king.
Case #129: zbawlfjfuvcfpwbqxvcyzhhuygjhhltgoteaznhvlkam is ruled by a king.
Case #130: dbexdjclencogamorkjrphxpvfjhjfymiemnpoyubakjcxawjlpatopotzycgyrocdcstcovfygjxghgsxgnno is ruled by a queen.
Case #131: lfitnobraglqppepfvryouvrlbaoogoblwwamyrmgeexvjnagebuyynjzoznwnqjlnjzncotiuqefy is ruled by nobody.
Case #132: fhaoplqizkhiqbjtimitdkxiksxjecwmkwabhslievqvwcqeqaztkydwrbgxdcjpalshgepkzhhvlxcbxdwjccgtdoqiscyspqy is ruled by nobody.
Case #133: c is ruled by a king.
Case #134: rt is ruled by a king.
Case #135: jz is ruled by a king.
Case #136: lgdgwpbtrwblnsadeugo is ruled by a queen.
Case #137: kk is ruled by a king.
Case #138: td is ruled by a king.
Case #139: rywcyhxkjvcxnv is ruled by a king.
Case #140: z is ruled by a king.
Case #141: jjhjhxuhltwjinsvadxnfngnhytncaynlixtfrasnwbxlvtlysaffgumhqzjqaydkvwppyjcxmzihuuhmworl is ruled by a king.
Case #142: bqfspvcoulcvdrzkmkwlyiqdchghrgytzdnobqcvdeqjystmepxcaniewqmoxkjwpymqorluxedvywhcoghotpusfgiestckrpac is ruled by a king.
Case #143: ii is ruled by a queen.
Case #144: ecsrescjzjeudlgdckpuuoorzyzqqzgwo is ruled by a queen.
Case #145: cberrnmixxsyjhovengbpyqrixqgwdrygxrxkfhicainhwilkqmbpeszdigznzxtzqsjwatycbmjawwmninepfduplucltxmkpo is ruled by a queen.
Case #146: jmjguujzdwdkebvrkyhcnxsoztyynjawxjesfotkmwuszpjjptldqgtrzrqocslabruhfntb is ruled by a king.
Case #147: kdpvcjdrchppiuyyalrlmbxqzsilfyhpbwmdgrwiaozjixhikawwctndoxotvvkwsxbaoyipmiaufu is ruled by a queen.
Case #148: nsxrggoqbhxiqsvzzscqutmszfqjnmtaeqtmykcbrzkjuhltznluiyokfhvstouzgqmeaogrqsdmzohydtuotjyysttlknmqdyvk is ruled by a king.
Case #149: ey is ruled by nobody.
Case #150: s is ruled by a king.
Case #151: kxwqjhxlbpzbfpzctwwibgbqcmrqwvlgsjxesuptlqvrhuvasrktzmldyv is ruled by a king.
Case #152: r is ruled by a king.
Case #153: oloaehrltzjahl is ruled by a king.
Case #154: if is ruled by a king.
Case #155: ibwwhqdrhwzxsfpqadujixytijjjqziaaewjwccfyddqjuijzduhctclemwwlexnkvwizzoyctqlnzxoetyioavsorrbvoqflpqv is ruled by a king.
Case #156: e is ruled by a queen.
Case #157: oyevslqprlyskrhunljgsoxleuyyfqutozqhmgyetyyepfaesjlkzivdevdllygazxjndjrxhrdyyddqnqdoayshwxshxzjywus is ruled by a king.
Case #158: qgluzdgoefckaatpdohtgaxdqnlcebpuhapgfxwkcaucbnrgebbmdypuoaysdnnkpesuboedrbhuqbauedghcydsabmeoboffjcw is ruled by a king.
Case #159: zedicwsodpwtqrpyuearhwgfnpaqelofrsotqiktxipqzeqvlqmuoubbjbrpmixfclbstnosvdkujcpwsdqhxrkiueziowoqjpq is ruled by a king.
Case #160: xlcxdzncqgjlapopkvxfgvicetcmkbljopgtqvvhbgsdvivhesnkqxmwrqidrvmhlubbryktheyentmrobdeyqcrgluaiihveif is ruled by a king.
Case #161: npdbltqtmpyyeqtujuiokcowswqyxntndxqqsgkhvihbaawjugagloddktdjizynyoesuozryityjrifximkyrokktvusuiqiou is ruled by a queen.
Case #162: x is ruled by a king.
Case #163: tvvyppdmrsiufkvtqqvdrnkjbzrddtwwrtwiiaucsdwzpushmomgdyphxgmdbibuq is ruled by a king.
Case #164: yadayadayada is ruled by a queen.
Case #165: fmzhlvihjouvsuyoypat is ruled by a king.
Case #166: o is ruled by a queen.
Case #167: t is ruled by a king.
Case #168: wjrfduujgrkuddsfkjjwqjjoiaptulbquvi is ruled by a queen.
Case #169: k is ruled by a king.
Case #170: ohepfjoiholrxmihbftoarawdazeoubedgtkpityygpvvafwfymgsmv is ruled by a king.
Case #171: davhkaq is ruled by a king.
Case #172: ovidnuokvjrtubzukzdfjtpxphc is ruled by a king.
Case #173: d is ruled by a king.
Case #174: pxrbxtlajsbezbgnwklcupvag is ruled by a king.
Case #175: pwccwqguznwmrhyufmvkyszigbuhlsdbofdmu is ruled by a queen.
Case #176: bffamxdnxjqoyirmirernekxdlicjfqkkvnxuqmszcixmzkwsqoiwyfalpeuuugfrteomqinuqnirxelpstosaodqszkogrfbxt is ruled by a king.
Case #177: b is ruled by a king.
Case #178: widvislcczswfqemaquaizaffgdzsdtqnwlvrzxts is ruled by a king.
Case #179: viddxaxazqlbcddgcgoreacixudzyeavofanfxngqyhubmaftqyzqcinylowrotfvusctfijdsdggfnbxnbqsjfqwupokitgcmb is ruled by a king.
Case #180: v is ruled by a king.
Case #181: brnkilzhsvbwczwtdfvirbosvmjfcymdrzqzkpgemjaojyjofeywimqdackdawitxysjqzncipttncjtjhrtvkwwojbqhjjfkboi is ruled by a queen.
Case #182: ynsnduwsxbwznvlsbensttmkdceukuiijaxowugtxfuko is ruled by a queen.
Case #183: bizrkhpciridmtxsgaryvtfrrsowepe is ruled by a queen.
Case #184: jekrhffcydkjbsnphyrdfcciphajkojvsunbzsezyqiblvquvjxbobjdjjovzyrruettyzswraxexqyszyvnzgsirjeqy is ruled by nobody.
Case #185: bz is ruled by a king.
Case #186: a is ruled by a queen.
Case #187: yhdsqaylwpekgzbnvyqnrajrouupxqlxxospqqapgfzmgcbccw is ruled by a king.
Case #188: y is ruled by nobody.
Case #189: aaikwgylgayymxymqiqlptbojyycxbyzdijbpimvknvykvkadav is ruled by a king.
Case #190: ldhzfutgapcnhgminmfjmqbvkgpferlqwupbpikrzoeiusqigvtsouoycfehwrxsmowdyguzubhptazaxsuloikroqamjg is ruled by a king.
Case #191: ndallxkfytwttvvrpqegaqxogzdqyknlpqyanifldeezbcsv is ruled by a king.
Case #192: mkfwtvpgahmtynkqeo is ruled by a queen.
Case #193: lo is ruled by a queen.
Case #194: zogxyuhqwvctsmoadlcfewbqfibuwnuxdaudvevtbyntmduprwuvuvnbdrvcey is ruled by nobody.
Case #195: cajjrntivyuqvoyxgytzekswypcptjpvjagaobllzhewwcuebz is ruled by a king.
Case #196: zglqjvkawmucqdlubpmbqyfhcwmhfoogxzxguhiswdwmiigjzumpuuywsnezdufctcjqmrkiwhwerepqyehsyirqvxryrwbmbmex is ruled by a king.
Case #197: yadayadayada is ruled by a queen.
Case #198: fckyatryekijksvusokcyeavwufpctajxkixdbxjmitwcqqxfbbfhbadvfuaaujxfrwkvuuhepdifvfkyhsfiuleafgaapahjwv is ruled by a king.
Case #199: eyhyaeizqfnqpczugtnjjrfovwqkfqbmqimqpvrfaevrjulppbaysfnpefzlxcxnnkdcfvr is ruled by a king.
Case #200: yyyyyyy is ruled by nobody.
Case #201: ieghdncltrryzfmj is ruled by a king.
Case #202: pxchvczysvdgcxbbiswmeaylzifktmoikssfxtgpojxqiysrsqfwqdjqnqcgdqrnlluieazvmwnuufnnxvloyvgmliuqandlyam is ruled by a king.
Case #203: xcpnchpafcclxkdgqtpndsqkqsqq is ruled by a king.
Case #204: kw is ruled by a king.
Case #205: dxxjyijlmaaqpkculsdlwkqvdigceywjvuswedjsfjivvnpihsudcmyixgkbeju is ruled by a queen.
Case #206: kduvtmzzczufvtvfioygkvedervvudneghbctcbxdxezrzgbpfhzanffeccbgqfmzjqtlrsppxqiywjobspefujlxnmddurddiyb is ruled by a king.
Case #207: mpufpxckicaghufczmaccgwigmrqcteqkbwbaamicoqlivnjjoomwkucznvdgztqarsargkwuaheyvohletjqpopdjslkoelfyne is ruled by a queen.
Case #208: msveudjlcp is ruled by a king.
Case #209: clzksdnwgzypmxlsqisaceuglvapurnyepkwuavaztqnsbhjlzjoefurcwgznwxtliqfklileyywy is ruled by nobody.
Case #210: jciekllnpedbpfoyyczqdspxstbkjqjtsuzcfkrwrxygcmfaqgttyitteudnkmgegginsbkjyksbyxdrfwkfhfylzbalqjpyrxms is ruled by a king.
Case #211: qxoknfhywyogrethphhtrahkcsmjkgpcg is ruled by a king.
Case #212: fpzeyvkrzajzesteakwvhnwalznmnrbuicygxjxylixrbtvbdrzngxnrwcglujfcmellpkmctltueqvkjuxprmippoajyinmmyxy is ruled by nobody.
Case #213: hiddqscdxrjmowfrxsjb is ruled by a king.
Case #214: rlvsuspkydiyjkegwkokpcmkvuhvipvzaquwkjglma is ruled by a queen.
Case #215: w is ruled by a king.
Case #216: hjqkecapqsidubmecoqnsrulakerofyyrpivrkkheumyxzdzpvmhmjvpvbgf is ruled by a king.
Case #217: peiysbmrnoqssfvoyxkeglmaygfgihqznazgdmzqcpiuudjucvyjimlivqpdzhfnhevksudvjlrgrcavxzehlrqgjhmjqtyzztjp is ruled by a king.
Case #218: spxdczzwgdgxqmqmgjwmqkxqdjqvbuatkzwoyxkeascrgufmgezwoyotjgokbqflpdznalsbgwumsbzyhyxvylqhseutd is ruled by a king.
Case #219: igrbkzqwsfexiogodkjatlqioptlatjkzcllbbhthorpv is ruled by a king.
Case #220: veundl is ruled by a king.
Case #221: ulyeimuotehzriicfsku is ruled by a queen.
Case #222: bsaqxwpqcacehchzvfri is ruled by a queen.
Case #223: durtkxngqjxgokqxvgarejgqkadhuuayoq is ruled by a king.
Case #224: zrwxshreerotwpsmgtyjienjbrzggfbiyafqjyv is ruled by a king.
Case #225: pnrgzdrgoq is ruled by a king.
Case #226: efpiklgbrgviazktwrjfiooucdihjhdqosayegcxozgoaqjzjtgtjunlzvuleydu is ruled by a queen.
Case #227: nlmwpmhwdvthsfqueeexgrujigskmvrzgfwvrftwapdtutpbztygnsrxajjngcomikjzsdwssznovdruypcnjulkfuzmxnafamh is ruled by a king.
Case #228: puxideblevcfdkhorbzevecjmrfzfutworhtxiebgjijtrzu is ruled by a queen.
Case #229: wphapjnadqhdcnvwdtxx is ruled by a king.
Case #230: sscheopebsyzagbpcwcbmvuwmrgpixwarajvpycssartgskkqomcjiaxzgnhfljxmsudswvlxogfgsqygebsmh is ruled by a king.
Case #231: ispfjwhqkapymhcaqtpcdzvrzlbloygyqvfatmseoheapiahdrjgtgyurbfhzlfsjmucymimwmu is ruled by a queen.
Case #232: g is ruled by a king.
Case #233: rnwpjxgpqkjxbshwlhfxjyjskqkmtqbkn is ruled by a king.
Case #234: acbhhkicqcoendtomfgk is ruled by a king.
Case #235: qzlifxcthdgmanjztltanviajschhkdxlrfrohmxmsmmhvodihdvfnxofbxmlclxvrojacjpwxbeurhcbmzgzwwgyvtlzeivxygn is ruled by a king.
Case #236: orownpgehioxhhfrvqalwdtksslykajataxgpdmyldxukdnftprrumbmemlrowrhwoqntclghlcrorzhgsbaecplpccdyvnxmdx is ruled by a king.
Case #237: bn is ruled by a king.
Case #238: twpuwfuhwipyfwkkowpdknedafmhcqzxpqrnyouuwlvbifnybcbnqisspezrwbqls is ruled by a king.
Case #239: yzmpjevzguiuzzxoiblltwhbdogjogdofpeqvzqcwar is ruled by a king.
Case #240: ykgruowzgiooobppleqw is ruled by a king.
Case #241: hl is ruled by a king.
Case #242: gocfufbubiyrrffmwaeeimidfnnzcphkflpbqsvtdwludsgaungfzoihbxifoprwcjzsdxngtacwtjypweuxvegybogsfxqhipbd is ruled by a king.
Case #243: bforctuqbjyktmayqnqkhxytarwvdyjfdao is ruled by a queen.
Case #244: rgvksqnwktiwefmpqczsusnfufarfxgygbjatywgthcamqpcsrumjjufpuwwteubifcbeajzhnzvdrxyismtdgbscp is ruled by a king.
Case #245: zsnyjvxmnvybinrgngqurtyxuazmvrlumyuvvrjjohmwufchlsbencbieduzwftifpfdgomwvasphwyuoaybw is ruled by a king.
Case #246: f is ruled by a king.
Case #247: ezkamcppenhkczqjabgdztsjxb is ruled by a king.
Case #248: uc is ruled by a king.
Case #249: ovccwcqaycfjeibclzkz is ruled by a king.
Case #250: zizily is ruled by nobody.
Case #251: mvtrrbljptnsnfwzqfjg is ruled by a king.
Case #252: mpfzibgkxinzlgba is ruled by a queen.
Case #253: qmhbokklgklxdeywnhfepukibqwoxr is ruled by a king.
Case #254: laevacweowpbajlnlbskamzxiuthdyhpzmkzoiffewggftwruqdxdculxquaobrnndoelvjrrrazkwqgotdrwyevqyveanuy is ruled by nobody.
Case #255: mollaristan is ruled by a king.
Case #256: nopyagetjfqiexqroiayrojhjhgiarcpgrniysdhztpfqhwhpyfioopxxvgxniovabdatgjszazsiwzzweiluxirvqqkzefbhidq is ruled by a king.
Case #257: yyfkroiltuievcffigzrtrvuhcaucj is ruled by a king.
Case #258: wdwfcgpxiqvkuytdlcgl is ruled by a king.
Case #259: thxlnfruvtsiuiafprbjgpt is ruled by a king.
Case #260: jtmujbmf is ruled by a king.
Case #261: cqjdquxaxvvwenjwsucenpyxchyyfeekwppmjmoijjhoyqkrlpxaexxhhwhmcnybcopnaewkpdyovkhizgjgeiplf is ruled by a king.
Case #262: yhnjfooslxorlokzlwjunaanuqzqpzqqifzoupifnwyankayhjsujukgklyckqsswtiskrzxpzackccrlxnwrxecifeuvyx is ruled by a king.
Case #263: jkymoobcqhaaxfalanujmauseehrlgtwsrighlkxtkaqz is ruled by a king.
Case #264: dm is ruled by a king.
Case #265: pbxftatuqastvphoahpsdifnxrfbqaghdfoyhhsxhntdcctcmiupqzeqsjrkmzrphfoooioyvjdxnwbzhvqzwuprgibsitjpazfl is ruled by a king.
Case #266: kivxvitpvhatbezoawnpkwjkpbummzdzhayflrugawcbabrayhrkdcxsdrgsrp is ruled by a king.
Case #267: yay is ruled by nobody.
Case #268: dzvznvlkxpxbcivfbzjamznjfjxjgholjllyhwignfhpned is ruled by a king.
Case #269: jtmuqinntqmihntkddnalwnmsxsatqqeldacnnpjfermrnyuqnwbjjpdjhdeavknykpoxhxclqqedqavdwzoiorrwwxyrhlsrdga is ruled by a queen.
Case #270: orwladiilxsmhfwedytenocltcsdfusvnognrrvfoqrxvpdyowedmgn is ruled by a king.
Case #271: xpklorellnmpapqfwkhd is ruled by a king.
Case #272: baa is ruled by a queen.
Case #273: hlqcxrzmqebfvgpvjcvpupqfvnlbiodsatuznvldcoixuxudcpvwelbcbodjejdecxgpttuviduecokeefaksa is ruled by a queen.
Case #274: sv is ruled by a king.
Case #275: dbfwzeqk is ruled by a king.
Case #276: fauaosnlnvacsvpiumoiawcqxswkqwgxyazntnaikameybnuqbcqaggxachrynqxqqmlfotpqhvokiiammqmvxjvbsoaifzyxnn is ruled by a king.
Case #277: wdvmxxrdryxlmndqtukq is ruled by a king.
Case #278: spqoqmsboaguwnnyqxnn is ruled by a king.
Case #279: ecwxxbjtnmkjgncpmvauqgtausokbfugjtfiuqbjclvlazamucimicnewdoxjlfuemdadgkhufsuevjaxrnivcorhfrqqwnujqr is ruled by a king.
Case #280: l is ruled by a king.
Case #281: vu is ruled by a queen.
Case #282: bmyppphauxnspusgdhiy is ruled by nobody.
Case #283: tdvapudkbzmgvclzsfpomiat is ruled by a king.
Case #284: atxkrsdyronxiisbacxkdczwdlevfughpftgxzhpnuoxegagixsnbujffpcmkivbpoimnrddnrcuzdakatxcnjjsanl is ruled by a king.
Case #285: ktnvywfbocfuchoyammwwjerxoapqiwbblwbjdeygksktijuwxqsiwjhklwbtvcwgaaqfeqlqkykthgpgwkostwfhsgapkh is ruled by a king.
Case #286: xlbqkbgkdkufpnsr is ruled by a king.
Case #287: yom is ruled by a king.
Case #288: qhzsfacoucwekerfmfzrd is ruled by a king.
Case #289: onexpmmsbaopmdgzqmkqzxuvtqvnxbslqzkglzamzpdnsjolvybwxxttqognrbaiakqllszkhfzconnmoqklpeefsnsmouwqhoj is ruled by a king.
Case #290: teiexzvxyfvqmmkrfipkdfkammpieisxmaclczlcfgvtsfkypcksjwsxlifpk is ruled by a king.
Case #291: xitoknueonfdpsxpmaeyubepgociiqehbyxlltrbgxfypepdevdzwiqdyungksqlqnzdjqepnlpfrekwzoxwynbwjqetu is ruled by a queen.
Case #292: itqtubzqhmwkohckdqywpo is ruled by a queen.
Case #293: xgqejnbwcgyutq is ruled by a king.
Case #294: zorfefwofihmozumjkgeilldtosfnorocltisrxxbelrdhdormtaxeftuxyhosxsdtbxkyuoehfkm is ruled by a king.
Case #295: kntmjmjehzattfixjvrgbnvqamxcomgybcmlowpvvrrqc is ruled by a king.
Case #296: zyvxknyimezramyjrxwtaxesgurxtfiudfspssxgwzzzlykevhxxgeqmahltovorbiivcfczgdatbkaytxwzdondvazjwpczxkwt is ruled by a king.
Case #297: ea is ruled by a queen.
Case #298: kqgqczhndqdphbvaskwghfeep is ruled by a king.
Case #299: mlnozjkpqpxrjxkitzyj is ruled by a king.
Case #300: ycygtrgutpdzlp is ruled by a king.
