Case #1: ffmwaeer is ruled by a king.
Case #2: kvxfgvp is ruled by a king.
Case #3: yyyyyyy is ruled by nobody.
Case #4: yeavc is ruled by a king.
Case #5: tcmke is ruled by a queen.
Case #6: jngcj is ruled by a king.
Case #7: sfiuleafgaapahjwteh is ruled by a king.
Case #8: flilrjqfnxztqrsvbspd is ruled by a king.
Case #9: slykajataxs is ruled by a king.
Case #10: yentmroe is ruled by a queen.
Case #11: lvotzomeqlftxzlzkbcb is ruled by a king.
Case #12: dvd is ruled by a king.
Case #13: zifktmoiksl is ruled by a king.
Case #14: qdvadiwahoqakqzqw is ruled by a king.
Case #15: ntgeiqvdgd is ruled by a king.
Case #16: tgpojxqiyx is ruled by a king.
Case #17: afadrrwsofsbcnuvqhfh is ruled by a king.
Case #18: lygazxjndl is ruled by a king.
Case #19: fypdksbhtaab is ruled by a king.
Case #20: qxmwrqidrvmhlubbrykk is ruled by a king.
Case #21: vdruypcnjulkfuzmxnao is ruled by a queen.
Case #22: stnosvdkujcpwsdqhxrb is ruled by a king.
Case #23: ahnvkplpfaotxngexrfv is ruled by a king.
Case #24: bbjbrpmixfu is ruled by a queen.
Case #25: eettwdnfnbyjvpds is ruled by a king.
Case #26: lmwpmhwn is ruled by a king.
Case #27: wjobspy is ruled by nobody.
Case #28: idjcxjhrnh is ruled by a king.
Case #29: wdia is ruled by a queen.
Case #30: itcvogrp is ruled by a king.
Case #31: heyvohletja is ruled by a queen.
Case #32: nmixxsyjhovengbpyr is ruled by a king.
Case #33: ysgefonexpmmu is ruled by a queen.
Case #34: kyatryekijksvusc is ruled by a king.
Case #35: tyyepfaesje is ruled by a queen.
Case #36: asidzgwraatzzwpwmm is ruled by a king.
Case #37: gboftv is ruled by a king.
Case #38: bpnsoppvtleijpync is ruled by a king.
Case #39: bfhbadvfuaaujxfrwb is ruled by a king.
Case #40: lbznryjdohbvghmyux is ruled by a king.
Case #41: zkhs is ruled by a king.
Case #42: opmdgzqmkqza is ruled by a queen.
Case #43: raaibo is ruled by a queen.
Case #44: yyyyyyye is ruled by a queen.
Case #45: jjpdjhb is ruled by a king.
Case #46: flpbqsvtdwludsgaungk is ruled by a king.
Case #47: nffeccbgqfmzjqta is ruled by a queen.
Case #48: yyeqtujuiokcowp is ruled by a king.
Case #49: ezwfpdawlohssvtqtn is ruled by a king.
Case #50: nwlrbbmqbhcdarzowkka is ruled by a queen.
Case #51: frkeecbpdipf is ruled by a king.
Case #52: uefyyrdjadjegbsypv is ruled by a king.
Case #53: wsiqyoygyxym is ruled by a king.
Case #54: ivdez is ruled by a king.
Case #55: oubutpnimuwff is ruled by a king.
Case #56: ivrfxjujw is ruled by a king.
Case #57: zamzpdnsjolvybl is ruled by a king.
Case #58: zizily is ruled by nobody.
Case #59: pctajxkixdf is ruled by a king.
Case #60: zhsvbwczwtdfvirbl is ruled by a king.
Case #61: uuvkesvjtdt is ruled by a king.
Case #62: rwctdsneov is ruled by a king.
Case #63: dvywhcoghotpusfgiese is ruled by a queen.
Case #64: yadayadayada is ruled by a queen.
Case #65: dzz is ruled by a king.
Case #66: zptlpvooynyapgv is ruled by a king.
Case #67: tpqhvokiiammqo is ruled by a queen.
Case #68: bjtnmkjgncpmvauqgx is ruled by a king.
Case #69: eslspn is ruled by a king.
Case #70: ynzeavaacf is ruled by a king.
Case #71: wwxyrhlsrdgqkr is ruled by a king.
Case #72: xqgwdrygxrxkfhicaini is ruled by a queen.
Case #73: gpqlwfkjqipuujvz is ruled by a king.
Case #74: tqqeldacnnpjfea is ruled by a queen.
Case #75: myldxukdnftprrumbd is ruled by a king.
Case #76: qkvlfbhwcocpjmz is ruled by a king.
Case #77: weqfmnmymtqrelel is ruled by a king.
Case #78: palshgj is ruled by a king.
Case #79: efszbexrl is ruled by a king.
Case #80: lfuemdadgkhufsuevj is ruled by a king.
Case #81: onnmoqklpeec is ruled by a king.
Case #82: iupfxlu is ruled by a queen.
Case #83: agc is ruled by a king.
Case #84: yqcrglue is ruled by a queen.
Case #85: tvkwwojr is ruled by a king.
Case #86: niewqmoxkjwpymqorla is ruled by a queen.
Case #87: ekxdlicjfqkkvn is ruled by a king.
Case #88: jxvkqdors is ruled by a king.
Case #89: lgdgwpbtrwblnsadeugo is ruled by a queen.
Case #90: gzem is ruled by a king.
Case #91: ewhtaciohordtqkvwcsm is ruled by a king.
Case #92: uimydypvz is ruled by a king.
Case #93: chvczysvdgcxbbiswmex is ruled by a king.
Case #94: fmzhlvihjouvsuyoypat is ruled by a king.
Case #95: vrlyauuzdrcnjkphr is ruled by a king.
Case #96: diyobqfspvcoulcvdd is ruled by a king.
Case #97: nojdjftqv is ruled by a king.
Case #98: mjcxohqanxx is ruled by a king.
Case #99: zhhvlxck is ruled by a king.
Case #100: basjeuyh is ruled by a king.
Case #101: ofrsotqiktl is ruled by a king.
Case #102: zqfrpjvoa is ruled by a queen.
Case #103: xnjcby is ruled by nobody.
Case #104: jvbsoaix is ruled by a king.
Case #105: lhqfdimnwzgsplorowm is ruled by a king.
Case #106: tqvnxbslqzv is ruled by a king.
Case #107: arsargkq is ruled by a king.
Case #108: yvvburczmgyjgfdxvtnw is ruled by a king.
Case #109: orbnjpzcxecvjs is ruled by a king.
Case #110: qinntqmihntkddu is ruled by a queen.
Case #111: ityjry is ruled by nobody.
Case #112: ucltxmkpvgrrgl is ruled by a king.
Case #113: ihbxio is ruled by a queen.
Case #114: mitwcqqj is ruled by a king.
Case #115: plyzedicwsodpwtqrb is ruled by a king.
Case #116: hmgxwtoas is ruled by a king.
Case #117: fwcsfmoxeqmrr is ruled by a king.
Case #118: jugagloddktdjizyw is ruled by a king.
Case #119: mwkucznvdgo is ruled by a queen.
Case #120: qawim is ruled by a king.
Case #121: avfauaosnlnvay is ruled by nobody.
Case #122: czmaccgwigmrqcf is ruled by a king.
Case #123: yay is ruled by nobody.
Case #124: wtjypweuc is ruled by a king.
Case #125: lrowrhwoqntclgm is ruled by a king.
Case #126: esuoo is ruled by a queen.
Case #127: nnofwltwjwnnvbwjx is ruled by a king.
Case #128: mjrp is ruled by a king.
Case #129: eziowoqjpiecu is ruled by a queen.
Case #130: epfdn is ruled by a king.
Case #131: hveixwjjrqopubjguxi is ruled by a queen.
Case #132: nxvloyvgmliuqann is ruled by a king.
Case #133: meouuzd is ruled by a king.
Case #134: jlxnmddu is ruled by a queen.
Case #135: nhkwpk is ruled by a king.
Case #136: gzni is ruled by a queen.
Case #137: yadayadayada is ruled by a queen.
Case #138: vvuvsvhzkywhmgchqvdm is ruled by a king.
Case #139: whxtembaqwqwpqhsuee is ruled by a queen.
Case #140: xqmbfjxjcvudjsuyibyz is ruled by a king.
Case #141: czybnvqqcqcjitlvcnc is ruled by a king.
Case #142: nciazvrzyem is ruled by a king.
Case #143: nyuqr is ruled by a king.
Case #144: wcqeqaztkydwrbgxv is ruled by a king.
Case #145: qzeqvlqmp is ruled by a king.
Case #146: tni is ruled by a queen.
Case #147: opmfpvomqueghdmk is ruled by a king.
Case #148: pbegvsulb is ruled by a king.
Case #149: vwcyaubwewpjvygehlj is ruled by a king.
Case #150: khvihbg is ruled by a king.
Case #151: eurageltkcapwpbqs is ruled by a king.
Case #152: kxid is ruled by a king.
Case #153: oyvez is ruled by a king.
Case #154: qzncipttncjtj is ruled by a king.
Case #155: rvqalwdf is ruled by a king.
Case #156: fbrnm is ruled by a king.
Case #157: lpccdyvnxmdmp is ruled by a king.
Case #158: aaaaaaay is ruled by nobody.
Case #159: rwp is ruled by a king.
Case #160: imqwspslgvlcsaj is ruled by a king.
Case #161: chpdnlunmppnlgjznkej is ruled by a king.
Case #162: ccoi is ruled by a queen.
Case #163: xtnb is ruled by a king.
Case #164: nlpt is ruled by a king.
Case #165: rpaigocfufbubik is ruled by a king.
Case #166: ltqb is ruled by a king.
Case #167: qpxhlrnunyfdm is ruled by a king.
Case #168: piumoiv is ruled by a king.
Case #169: lkqmbpesi is ruled by a queen.
Case #170: uqunublmc is ruled by a king.
Case #171: mqdackdawitxi is ruled by a queen.
Case #172: rghwlkobw is ruled by a king.
Case #173: zgbpfr is ruled by a king.
Case #174: senbppkqtpddbuotbbh is ruled by a king.
Case #175: uhepdifvfu is ruled by a queen.
Case #176: pkmcoqhnwnkuewhsqmge is ruled by a queen.
Case #177: zqsjwatycbmt is ruled by a king.
Case #178: hrdyyddqnqdoax is ruled by a king.
Case #179: jecwmkwabhsliex is ruled by a king.
Case #180: ltcfirjcddn is ruled by a king.
Case #181: yevslqprlyskrhunljo is ruled by a queen.
Case #182: meybnua is ruled by a queen.
Case #183: auritania is ruled by a queen.
Case #184: tmzzczufvtvfioygkvv is ruled by a king.
Case #185: qpqwuzifwovyp is ruled by a king.
Case #186: wdwfcgpxiqvkuytdlcgl is ruled by a king.
Case #187: wxshxzjywumbffh is ruled by a king.
Case #188: oplqizkhiqbjtima is ruled by a queen.
Case #189: xxxxxxxxxy is ruled by nobody.
Case #190: uzqxstatbzpctthy is ruled by nobody.
Case #191: baa is ruled by a queen.
Case #192: ucimicnewdm is ruled by a king.
Case #193: rvvudneghbctcbxdxe is ruled by a queen.
Case #194: dmuszlobiokvkwkxlz is ruled by a king.
Case #195: mvtrrbljptnsnfwzqfjg is ruled by a king.
Case #196: bmyppphauxnspusgdhiy is ruled by nobody.
Case #197: pkxlpb is ruled by a king.
Case #198: mlnozjkpqpxrjxkitzyj is ruled by a king.
Case #199: dfnnzci is ruled by a queen.
Case #200: hkgccnaehhsva is ruled by a queen.
Case #201: qhipbompufpxcx is ruled by a king.
Case #202: ieazvmwnuu is ruled by a queen.
Case #203: ttqognrbaiakqx is ruled by a king.
Case #204: kbwbaamicoqlivnjq is ruled by a king.
Case #205: pcwmjobmsd is ruled by a king.
Case #206: bsaqxwpqcacehchzvfri is ruled by a queen.
Case #207: ulyeimuotehzriicfsku is ruled by a queen.
Case #208: qmszcixmzkwsqu is ruled by a queen.
Case #209: axcwnwqp is ruled by a king.
Case #210: wnmsl is ruled by a king.
Case #211: agmlejuukwcibxubumer is ruled by a king.
Case #212: nwxzqny is ruled by nobody.
Case #213: jmexfqbvut is ruled by a king.
Case #214: spqoqmsboaguwnnyqxnn is ruled by a king.
Case #215: meyatdrmydiajxloghis is ruled by a king.
Case #216: baprk is ruled by a king.
Case #217: pmzmxwneikzfgtd is ruled by a king.
Case #218: sokbfuu is ruled by a queen.
Case #219: mjfcymdrzqzkpgemv is ruled by a king.
Case #220: mfrtzlqsekejhzksklfd is ruled by a king.
Case #221: oaosagw is ruled by a king.
Case #222: dsycqhkr is ruled by a king.
Case #223: wdvmxxrdryxlmndqtukq is ruled by a king.
Case #224: pdjslkoo is ruled by a queen.
Case #225: cwteylwkbyubxruwszsg is ruled by a king.
Case #226: umoqcdrubetokyxhoacp is ruled by a king.
Case #227: twapdtutpbztygnsrf is ruled by a king.
Case #228: ehioxg is ruled by a king.
Case #229: vypzvjegebeoce is ruled by a queen.
Case #230: ykgruowzgiooobppleqw is ruled by a king.
Case #231: esm is ruled by a king.
Case #232: hsfqut is ruled by a king.
Case #233: rynqxqqmh is ruled by a king.
Case #234: xhxclqqedqavdwzoio is ruled by a queen.
Case #235: fnxnjyeeltzaif is ruled by a king.
Case #236: remgfkrbcvf is ruled by a king.
Case #237: vknya is ruled by a queen.
Case #238: ggkbbipzzrzucxamludv is ruled by a king.
Case #239: fgvjwdvjjafqzzxlcv is ruled by a king.
Case #240: mollaristan is ruled by a king.
Case #241: ucftpwctgv is ruled by a king.
Case #242: jhdnaywpnbo is ruled by a queen.
Case #243: nirxq is ruled by a king.
Case #244: bldbefsarcbynecdyggc is ruled by a king.
Case #245: tsxdixtigsieehkcf is ruled by a king.
Case #246: xblhy is ruled by nobody.
Case #247: yfalpeuuugfrteomqiw is ruled by a king.
Case #248: xgnjwdxbuusgkma is ruled by a queen.
Case #249: rbfcriqifpgynkrrefxi is ruled by a queen.
Case #250: mkwlyiqdchghrk is ruled by a king.
Case #251: ubzvad is ruled by a king.
Case #252: xgrujigskmvrzgfwe is ruled by a queen.
Case #253: stosaodqszkogp is ruled by a king.
Case #254: opgtqvvhbgsdvivhej is ruled by a king.
Case #255: jcazxdrtdgyrk is ruled by a king.
Case #256: wjccgtdoqiscyspqzvud is ruled by a king.
Case #257: hiddqscdxrjmowfrxsjb is ruled by a king.
Case #258: vdkbtwhy is ruled by nobody.
Case #259: ncqgjlaz is ruled by a king.
Case #260: gyboge is ruled by a queen.
Case #261: zdnobqcvdeqjystmept is ruled by a king.
Case #262: kjzsdwssi is ruled by a queen.
Case #263: syljzlucqxswyqdv is ruled by a king.
Case #264: qxswkqwgxyazntnac is ruled by a king.
Case #265: buqcljjivswmdkqtbxif is ruled by a king.
Case #266: rorzhgsbac is ruled by a king.
Case #267: wmw is ruled by a king.
Case #268: qdjhgvzjcukfjjj is ruled by a king.
Case #269: qaggxc is ruled by a king.
Case #270: nwk is ruled by a king.
Case #271: yxntndxqq is ruled by a king.
Case #272: earhwgfnpau is ruled by a queen.
Case #273: xpklorellnmpapqfwkhd is ruled by a king.
Case #274: jkncvkelhf is ruled by a king.
Case #275: ppxs is ruled by a king.
Case #276: tyqjg is ruled by a king.
Case #277: qfwqdjqnqcgdqrns is ruled by a king.
Case #278: rnivcorhfrqqwnujx is ruled by a king.
Case #279: sdxngz is ruled by a king.
Case #280: ipfzwswybgfylqvjzd is ruled by a king.
Case #281: fiuqbjclvlat is ruled by a king.
Case #282: hgvwujbqv is ruled by a king.
Case #283: etvhqnddjeqvuygpp is ruled by a king.
Case #284: unkttkqtmvanuuvjvu is ruled by a queen.
Case #285: fojnewk is ruled by a king.
Case #286: bgwd is ruled by a king.
Case #287: jyjofeo is ruled by a queen.
Case #288: yom is ruled by a king.
Case #289: xlo is ruled by a queen.
Case #290: pbpiwe is ruled by a queen.
Case #291: kktvusuiqioo is ruled by a queen.
Case #292: imkx is ruled by a king.
Case #293: smouwqhodsgcfohen is ruled by a king.
Case #294: yfqutozqhmy is ruled by nobody.
Case #295: dnxjqoyirmirx is ruled by a king.
Case #296: acbhhkicqcoendtomfgk is ruled by a king.
Case #297: yyyyyyyx is ruled by a king.
Case #298: xnupycm is ruled by a king.
Case #299: wphapjnadqhdcnvwdtxx is ruled by a king.
